ERROR:root:Erro ao processar bloco: Message: no such element: Unable to locate element: {"method":"xpath","selector":".//div[contains(@class, 'text-transform--initial')]//b"}
  (Session info: chrome=132.0.6834.83); For documentation on this error, please visit: https://www.selenium.dev/documentation/webdriver/troubleshooting/errors#no-such-element-exception
Stacktrace:
	GetHandleVerifier [0x00670A13+25091]
	(No symbol) [0x005FA584]
	(No symbol) [0x004DB3B3]
	(No symbol) [0x0051F4A0]
	(No symbol) [0x0051F61B]
	(No symbol) [0x00514EC1]
	(No symbol) [0x00541EF4]
	(No symbol) [0x00514DE4]
	(No symbol) [0x00542144]
	(No symbol) [0x0055B43E]
	(No symbol) [0x00541C46]
	(No symbol) [0x00513175]
	(No symbol) [0x005142FD]
	GetHandleVerifier [0x00966493+3128451]
	GetHandleVerifier [0x0097994B+3207483]
	GetHandleVerifier [0x009745F2+3186146]
	GetHandleVerifier [0x007070C0+641200]
	(No symbol) [0x006036BD]
	(No symbol) [0x00600738]
	(No symbol) [0x006008D6]
	(No symbol) [0x005F3040]
	BaseThreadInitThunk [0x778CFCC9+25]
	RtlGetAppContainerNamedObjectPath [0x77A1809E+286]
	RtlGetAppContainerNamedObjectPath [0x77A1806E+238]

ERROR:root:Erro ao processar bloco: Message: no such element: Unable to locate element: {"method":"xpath","selector":".//div[contains(@class, 'text-transform--initial')]//b"}
  (Session info: chrome=132.0.6834.83); For documentation on this error, please visit: https://www.selenium.dev/documentation/webdriver/troubleshooting/errors#no-such-element-exception
Stacktrace:
	GetHandleVerifier [0x00670A13+25091]
	(No symbol) [0x005FA584]
	(No symbol) [0x004DB3B3]
	(No symbol) [0x0051F4A0]
	(No symbol) [0x0051F61B]
	(No symbol) [0x00514EC1]
	(No symbol) [0x00541EF4]
	(No symbol) [0x00514DE4]
	(No symbol) [0x00542144]
	(No symbol) [0x0055B43E]
	(No symbol) [0x00541C46]
	(No symbol) [0x00513175]
	(No symbol) [0x005142FD]
	GetHandleVerifier [0x00966493+3128451]
	GetHandleVerifier [0x0097994B+3207483]
	GetHandleVerifier [0x009745F2+3186146]
	GetHandleVerifier [0x007070C0+641200]
	(No symbol) [0x006036BD]
	(No symbol) [0x00600738]
	(No symbol) [0x006008D6]
	(No symbol) [0x005F3040]
	BaseThreadInitThunk [0x778CFCC9+25]
	RtlGetAppContainerNamedObjectPath [0x77A1809E+286]
	RtlGetAppContainerNamedObjectPath [0x77A1806E+238]

ERROR:root:Erro ao processar bloco: Message: no such element: Unable to locate element: {"method":"xpath","selector":".//div[contains(@class, 'text-transform--initial')]//b"}
  (Session info: chrome=132.0.6834.83); For documentation on this error, please visit: https://www.selenium.dev/documentation/webdriver/troubleshooting/errors#no-such-element-exception
Stacktrace:
	GetHandleVerifier [0x00670A13+25091]
	(No symbol) [0x005FA584]
	(No symbol) [0x004DB3B3]
	(No symbol) [0x0051F4A0]
	(No symbol) [0x0051F61B]
	(No symbol) [0x00514EC1]
	(No symbol) [0x00541EF4]
	(No symbol) [0x00514DE4]
	(No symbol) [0x00542144]
	(No symbol) [0x0055B43E]
	(No symbol) [0x00541C46]
	(No symbol) [0x00513175]
	(No symbol) [0x005142FD]
	GetHandleVerifier [0x00966493+3128451]
	GetHandleVerifier [0x0097994B+3207483]
	GetHandleVerifier [0x009745F2+3186146]
	GetHandleVerifier [0x007070C0+641200]
	(No symbol) [0x006036BD]
	(No symbol) [0x00600738]
	(No symbol) [0x006008D6]
	(No symbol) [0x005F3040]
	BaseThreadInitThunk [0x778CFCC9+25]
	RtlGetAppContainerNamedObjectPath [0x77A1809E+286]
	RtlGetAppContainerNamedObjectPath [0x77A1806E+238]

ERROR:root:Erro ao processar bloco: Message: no such element: Unable to locate element: {"method":"xpath","selector":".//div[contains(@class, 'text-transform--initial')]//b"}
  (Session info: chrome=132.0.6834.83); For documentation on this error, please visit: https://www.selenium.dev/documentation/webdriver/troubleshooting/errors#no-such-element-exception
Stacktrace:
	GetHandleVerifier [0x00670A13+25091]
	(No symbol) [0x005FA584]
	(No symbol) [0x004DB3B3]
	(No symbol) [0x0051F4A0]
	(No symbol) [0x0051F61B]
	(No symbol) [0x00514EC1]
	(No symbol) [0x00541EF4]
	(No symbol) [0x00514DE4]
	(No symbol) [0x00542144]
	(No symbol) [0x0055B43E]
	(No symbol) [0x00541C46]
	(No symbol) [0x00513175]
	(No symbol) [0x005142FD]
	GetHandleVerifier [0x00966493+3128451]
	GetHandleVerifier [0x0097994B+3207483]
	GetHandleVerifier [0x009745F2+3186146]
	GetHandleVerifier [0x007070C0+641200]
	(No symbol) [0x006036BD]
	(No symbol) [0x00600738]
	(No symbol) [0x006008D6]
	(No symbol) [0x005F3040]
	BaseThreadInitThunk [0x778CFCC9+25]
	RtlGetAppContainerNamedObjectPath [0x77A1809E+286]
	RtlGetAppContainerNamedObjectPath [0x77A1806E+238]

ERROR:root:Erro suprimido: Message: 

ERROR:root:Erro suprimido: Message: 

